<?xml version="1.0" encoding="UTF-8"?>
<!-- Generated by org.testng.reporters.JUnitXMLReporter -->
<testsuite ignored="0" hostname="LAPTOP-SI9PCTPK" failures="0" tests="4" name="TestTelAvivHotel" time="33.625" errors="0" timestamp="2020-11-05T12:19:15 IST">
  <testcase classname="TelAvivHotel.HelpChatTool" name="validateChatMsgTool" time="11.782"/>
  <testcase classname="TelAvivHotel.ValidateAboutUsPage" name="validateCenterAboutUsPageLink" time="1.92"/>
  <testcase classname="TelAvivHotel.ValidateAboutUsPage" name="validateTopAboutUsPageLink" time="1.702"/>
  <testcase classname="TelAvivHotel.ValidateAboutUsPage" name="validateNavAboutUsPageLink" time="2.368"/>
</testsuite> <!-- TestTelAvivHotel -->
