<?xml version="1.0" encoding="UTF-8"?>
<!-- Generated by org.testng.reporters.JUnitXMLReporter -->
<testsuite ignored="0" hostname="LAPTOP-SI9PCTPK" failures="0" tests="2" name="Validating User login" time="9.72" errors="0" timestamp="2020-11-02T13:26:50 IST">
  <testcase classname="TelAvivHotel.ValidateAboutUsPage" name="validateBottomAboutUsPageLink" time="0.039"/>
  <testcase classname="TelAvivHotel.ValidateAboutUsPage" name="validateTopAboutUsPageLink" time="1.617"/>
</testsuite> <!-- Validating User login -->
