<?xml version="1.0" encoding="UTF-8"?>
<!-- Generated by org.testng.reporters.JUnitXMLReporter -->
<testsuite hostname="LAPTOP-SI9PCTPK" failures="0" tests="2" name="Validating User login" time="11.166" errors="0" timestamp="2 Nov 2020 11:30:41 GMT">
  <testcase classname="TelAvivHotel.ValidateAboutUsPage" name="validateBottomAboutUsPageLink" time="2.26"/>
  <testcase classname="TelAvivHotel.ValidateAboutUsPage" name="validateTopAboutUsPageLink" time="1.562"/>
</testsuite> <!-- Validating User login -->
