<?xml version="1.0" encoding="UTF-8"?>
<testsuite xmlns:xsi="http://www.w3.org/2001/XMLSchema-instance" xsi:noNamespaceSchemaLocation="https://maven.apache.org/surefire/maven-surefire-plugin/xsd/surefire-test-report.xsd" name="TestSuite" time="17.899" tests="3" errors="0" skipped="0" failures="1">
  <properties>
[...]
</properties>
  <testcase name="validateCenterblogPageLink" classname="TelAvivHotel.ValidateBlogPostsPage" time="1.875">
    <failure message="expected [BLOG] but found [ABOUT US]" type="java.lang.AssertionError">java.lang.AssertionError: expected [BLOG] but found [ABOUT US]
	at TelAvivHotel.ValidateBlogPostsPage.validateCenterblogPageLink(ValidateBlogPostsPage.java:49)
</failure>
    <system-out><![CDATA[chrome
]]></system-out>
    <system-err><![CDATA[Starting ChromeDriver 86.0.4240.22 (398b0743353ff36fb1b82468f63a3a93b4e2e89e-refs/branch-heads/4240@{#378}) on port 8633
Only local connections are allowed.
Please see https://chromedriver.chromium.org/security-considerations for suggestions on keeping ChromeDriver safe.
ChromeDriver was started successfully.
נוב׳ 04, 2020 12:27:41 אחה״צ org.openqa.selenium.remote.ProtocolHandshake createSession
INFO: Detected dialect: W3C
]]></system-err>
  </testcase>
  <testcase name="validateTopblogPageLink" classname="TelAvivHotel.ValidateBlogPostsPage" time="1.769"/>
  <testcase name="validateNavblogPageLink" classname="TelAvivHotel.ValidateBlogPostsPage" time="1.372"/>
</testsuite>