-------------------------------------------------------------------------------
Test set: TestSuite
-------------------------------------------------------------------------------
Tests run: 3, Failures: 1, Errors: 0, Skipped: 0, Time elapsed: 17.899 s <<< FAILURE! - in TestSuite
validateCenterblogPageLink(TelAvivHotel.ValidateBlogPostsPage)  Time elapsed: 1.875 s  <<< FAILURE!
java.lang.AssertionError: expected [BLOG] but found [ABOUT US]
	at TelAvivHotel.ValidateBlogPostsPage.validateCenterblogPageLink(ValidateBlogPostsPage.java:49)

