<?xml version="1.0" encoding="UTF-8"?>
<testng-results ignored="0" total="4" passed="4" failed="0" skipped="0">
  <reporter-output>
  </reporter-output>
  <suite started-at="2020-11-05T12:18:42 IST" name="Suite" finished-at="2020-11-05T12:19:15 IST" duration-ms="33625">
    <groups>
    </groups>
    <test started-at="2020-11-05T12:18:42 IST" name="TestTelAvivHotel" finished-at="2020-11-05T12:19:15 IST" duration-ms="33625">
      <class name="TelAvivHotel.HelpChatTool">
        <test-method is-config="true" signature="initialize()[pri:0, instance:TelAvivHotel.HelpChatTool@532a02d9]" started-at="2020-11-05T12:18:42 IST" name="initialize" finished-at="2020-11-05T12:18:50 IST" duration-ms="8577" status="PASS">
          <reporter-output>
          </reporter-output>
        </test-method> <!-- initialize -->
        <test-method signature="validateChatMsgTool()[pri:0, instance:TelAvivHotel.HelpChatTool@532a02d9]" started-at="2020-11-05T12:18:57 IST" name="validateChatMsgTool" finished-at="2020-11-05T12:19:09 IST" duration-ms="11782" status="PASS">
          <reporter-output>
          </reporter-output>
        </test-method> <!-- validateChatMsgTool -->
        <test-method is-config="true" signature="teardown()[pri:0, instance:TelAvivHotel.HelpChatTool@532a02d9]" started-at="2020-11-05T12:19:15 IST" name="teardown" finished-at="2020-11-05T12:19:15 IST" duration-ms="75" status="PASS">
          <reporter-output>
          </reporter-output>
        </test-method> <!-- teardown -->
      </class> <!-- TelAvivHotel.HelpChatTool -->
      <class name="TelAvivHotel.ValidateAboutUsPage">
        <test-method is-config="true" signature="initialize()[pri:0, instance:TelAvivHotel.ValidateAboutUsPage@611f8234]" started-at="2020-11-05T12:18:50 IST" name="initialize" finished-at="2020-11-05T12:18:57 IST" duration-ms="7027" status="PASS">
          <reporter-output>
          </reporter-output>
        </test-method> <!-- initialize -->
        <test-method signature="validateCenterAboutUsPageLink()[pri:1, instance:TelAvivHotel.ValidateAboutUsPage@611f8234]" started-at="2020-11-05T12:19:09 IST" name="validateCenterAboutUsPageLink" finished-at="2020-11-05T12:19:11 IST" duration-ms="1920" status="PASS">
          <reporter-output>
          </reporter-output>
        </test-method> <!-- validateCenterAboutUsPageLink -->
        <test-method signature="validateTopAboutUsPageLink()[pri:2, instance:TelAvivHotel.ValidateAboutUsPage@611f8234]" started-at="2020-11-05T12:19:11 IST" name="validateTopAboutUsPageLink" finished-at="2020-11-05T12:19:13 IST" duration-ms="1702" status="PASS">
          <reporter-output>
          </reporter-output>
        </test-method> <!-- validateTopAboutUsPageLink -->
        <test-method signature="validateNavAboutUsPageLink()[pri:3, instance:TelAvivHotel.ValidateAboutUsPage@611f8234]" started-at="2020-11-05T12:19:13 IST" name="validateNavAboutUsPageLink" finished-at="2020-11-05T12:19:15 IST" duration-ms="2368" status="PASS">
          <reporter-output>
          </reporter-output>
        </test-method> <!-- validateNavAboutUsPageLink -->
        <test-method is-config="true" signature="teardown()[pri:0, instance:TelAvivHotel.ValidateAboutUsPage@611f8234]" started-at="2020-11-05T12:19:15 IST" name="teardown" finished-at="2020-11-05T12:19:15 IST" duration-ms="116" status="PASS">
          <reporter-output>
          </reporter-output>
        </test-method> <!-- teardown -->
      </class> <!-- TelAvivHotel.ValidateAboutUsPage -->
    </test> <!-- TestTelAvivHotel -->
  </suite> <!-- Suite -->
</testng-results>
